new_YKK227gPpRn4_30.000_40.000
new_Y-6p32k2WUCs_0.000_10.000
new_Y-Zjgm_sZd10_0.000_4.000
new_Y-ikrSfqB0LU_0.000_3.000
new_Y26ubekDhG_Y_0.000_10.000
new_Y2xXpSgqrtDE_40.000_50.000
new_Y2xo20i_OZrM_80.000_90.000
new_Y3BcwNM72zcQ_10.000_20.000
new_Y44U-fF5rsjM_0.000_10.000
new_Y4oQdHNxBFFY_20.000_30.000
new_Y52Usv8FcO0w_30.000_40.000
new_Y5pNzHcUedVo_10.000_20.000
new_Y6PrBwQNpLvo_10.000_20.000
new_Y6aNA6pqmpd8_0.000_6.000
new_Y7fGU8SFid9E_130.000_140.000
new_Y9QEM0ThcgD4_20.000_30.000
new_Y9zWmlaj56pM_60.000_70.000
new_YCvvvGRbF5mU_30.000_40.000
new_YE8Yi41OgpWo_0.000_10.000
new_YEL3v64rTpG8_0.000_9.000
new_YEenFsKjpsQc_200.000_210.000
new_YEqCEkkd_c_I_0.000_10.000
new_YHoBWL3qAnGU_350.000_360.000
new_YI-uouJ_Zsv4_0.000_10.000
new_YI3kPmcHvMrg_30.000_40.000
new_YJ1EO9afbq4U_80.000_90.000
new_YJ1Qv0p8QsR8_150.000_160.000
new_YJQplKcC6Ejw_0.000_10.000
new_YL7bzKI26Pek_190.000_200.000
new_YL9_QOpRG8s8_0.000_10.000
new_YLgf99OrWOVM_420.000_430.000
new_YMkF2nVQypFM_30.000_40.000
new_YMsy4mmS1DYc_110.000_120.000
new_YO8MSD706FEQ_230.000_240.000
new_YP900eyYudeg_30.000_40.000
new_YPpKpwTI1REQ_410.000_420.000
new_YSgbfq9K3Lqs_30.000_40.000
new_YTLs3b0dV8Ew_10.000_20.000
new_YTgp484iUwEg_190.000_200.000
new_YU10g6Ou2A58_10.000_20.000
new_YUhrqWmzFf8A_60.000_70.000
new_YUwqNcZ_b_Js_240.000_250.000
new_YVVJOjfAY0ec_40.000_50.000
new_YVXVuWhara_o_60.000_70.000
new_YVafgccb1ubk_320.000_330.000
new_YWmOE-cfIJe0_8.000_18.000
new_YXiu_VGdKi4o_0.000_4.000
new_YYTdVeMwwYkY_11.000_21.000
new_YYaTkV4qCqQc_19.000_29.000
new_YZFmyeuE40I8_500.000_510.000
new_Y_CZzm6jUxbo_30.000_40.000
new_Y_KNIJQJ-CHA_30.000_40.000
new_Y_YoIeZgxdAI_0.000_10.000
new_YaCVJyp88tpM_150.000_160.000
new_YabTPRP0_F-A_180.000_190.000
new_YaeEdZ2Pd7Mo_10.000_20.000
new_Yb2o_IFW-9HQ_2.000_12.000
new_YbLe0AmKB8fY_560.000_570.000
new_YbRUUPDD_nSQ_22.000_32.000
new_Ybm0xs7iYwo4_60.000_70.000
new_YeqlP9_HNy68_0.000_10.000
new_YfjcfhE22AVQ_540.000_550.000
new_YguQwU8X2IrY_0.000_10.000
new_Yj2ZWCwZh9LQ_10.000_20.000
new_YkD_sM3ZF514_160.000_170.000
new_YkIqf8gd4W8Q_590.000_600.000
new_Yl8ImMjuK29M_330.000_340.000
new_YmOfTDGOGBpI_160.000_170.000
new_YmpAYvNw6VEw_40.000_50.000
new_Yn2u-4A9fY28_20.000_30.000
new_YoFcRyerYBfM_30.000_40.000
new_Yp6CYj_0IR28_0.000_4.000
new_YqDCK7vo_MCM_140.000_150.000
new_YqGDaSUy-llQ_0.000_9.000
new_Yr4auqsn1UuA_430.000_440.000
new_YrzAqETGwotg_20.000_30.000
new_YtLgYuO-w638_0.000_10.000
new_YtNr5TNpI_SY_30.000_40.000
new_YxnwwsEEJvdk_200.000_210.000
new_YyNNf4uTzPjQ_10.000_20.000
new_YylADXwDnjwY_550.000_560.000
new_YzNvgZ5QPAFI_30.000_40.000
new_Y0632OqvXrwg_7.000_17.000
new_Y06Mm032486Q_30.000_40.000
new_Y08R27f6Ffdk_6.000_16.000
new_Y0Am7X758-Ek_30.000_40.000
new_Y0CEQ565DH_A_30.000_40.000
new_Y0DtJdRFPmS4_30.000_40.000
new_Y0E6Uaq_e6OA_20.000_30.000
new_Y0F40MJSfsDw_30.000_40.000
new_Y0F7yaWNgTGg_30.000_40.000
new_Y0F8srmjGqtA_30.000_40.000
new_Y0G-Qx3Gv01s_0.000_8.000
new_Y0GGO5npJzWI_0.000_10.000
new_Y0QtmEs-OOsA_21.000_31.000
new_Y0SjvusZqA3w_0.000_6.000
new_Y0Sq8ge7D4wU_3.000_13.000
new_Y0UKzyBqyhGc_27.000_37.000
new_Y0W_gYR6p-D0_30.000_40.000
new_Y0_K6OKtoBBU_30.000_40.000
new_Y0b06i5LzIFw_26.000_36.000
new_Y0bj1ynHjnR8_26.000_36.000
new_Y0crSdgvedhc_150.000_160.000
new_Y0hbOtaw86mk_30.000_40.000
new_Y0i31R7PS-GA_20.000_30.000
new_Y0kOj9aZEySE_21.000_31.000
new_Y0owoOrZH2mI_28.000_38.000
new_Y0q1Ytfn8yMU_10.000_20.000
new_Y0rJwumFz1O0_30.000_40.000
new_Y0uab4-3d6MM_30.000_40.000
new_Y0v87UfMga5U_30.000_40.000
new_Y0xhygj2rhpk_21.000_31.000
new_Y0xzbWmrJCa0_30.000_40.000
new_Y0zv4NcZfYhE_24.000_34.000
new_Y11rKpXBR_ck_24.000_34.000
new_Y15nVe6RwUNM_19.000_29.000
new_Y16ccKlJF5H8_6.000_16.000
new_Y16th_TIPv84_30.000_40.000
new_Y17tk_fp4eJ0_50.000_60.000
new_Y18FN3fDI25A_30.000_40.000
new_Y19UTZe1Gwj4_30.000_40.000
new_Y1DVyj_Q5f0A_12.000_22.000
new_Y1FUMr2pDTn0_30.000_40.000
new_Y1H0jwhMaS70_30.000_40.000
new_Y1Kxgh-Eciz0_30.000_40.000
new_Y1MPwoS-R83A_30.000_40.000
new_Y1NwoL7fn1Qk_40.000_50.000
new_Y1QAZc5vOLlE_10.000_20.000
new_Y1QxDi-op6Qg_27.000_37.000
new_Y1RNq7dbRpWU_16.000_26.000
new_Y1U1k-d1x1qw_30.000_40.000
new_Y1UgCfEUzfqo_30.000_40.000
new_Y1Unp4vddTlM_30.000_40.000
new_Y1VQZAJgvzWI_30.000_40.000
new_Y1VyUmkngG5g_10.000_20.000
new_Y1b1b-9_AcFg_30.000_40.000
new_Y1bdZx2gFZ2w_30.000_40.000
new_Y1cSeAysUdek_20.000_30.000
new_Y1ci9EhneRNs_30.000_40.000
new_Y1dgBCUaZVAQ_21.000_31.000
new_Y1owUfrSLOEg_30.000_40.000
new_Y1sLF9mlF1yg_2.000_12.000
new_Y1szSQEuQ5WM_30.000_40.000
new_Y1tHhN-4fTiU_30.000_40.000
new_Y1tJdV9lG8dI_30.000_40.000
new_Y1vEjPObCs-c_6.000_16.000
new_Y1wTYC26te1E_30.000_40.000
new_Y1x2dJASMVi4_30.000_40.000
new_Y1zEJWzqb59A_0.000_10.000
new_Y1zYsKe5HhsQ_21.000_31.000
new_Y2-dHuNPOmFg_30.000_40.000
new_Y221Ia1cD5dQ_22.000_32.000
new_Y28yk3SrpV9Q_20.000_30.000
new_Y29-H4jj5UsE_24.000_34.000
new_Y2CSHWGtuxAY_30.000_40.000
new_Y2DaEW8tcMvo_30.000_40.000
new_Y2Eu-5zFuvb0_12.000_22.000
new_Y2EuM56yo0BM_30.000_40.000
new_Y2IvNEoXArxU_30.000_40.000
new_Y2KFRad_OEVM_30.000_40.000
new_Y2KjNkHQ8dvI_30.000_40.000
new_Y2Kz8a9S_Izs_11.000_21.000
new_Y2MFWzrk_KTM_30.000_40.000
new_Y2OoPfRnajZQ_30.000_40.000
new_Y2UGVSzh2bpQ_30.000_40.000
new_Y2YFsREAuJv4_30.000_40.000
new_Y2_07VckX0oU_21.000_31.000
new_Y2_Fl6KD9xZQ_30.000_40.000
new_Y2b0EzAqILu0_30.000_40.000
new_Y2ePpNRwWoOc_30.000_40.000
new_Y2fVTY-74PHI_30.000_40.000
new_Y2gCoy1QSPKM_10.000_20.000
new_Y2gs0Ltt5niY_30.000_40.000
new_Y2gvtmPZBNqw_30.000_40.000
new_Y2j8pxiFvElM_0.000_5.000
new_Y2nSWjsRllr8_30.000_40.000
new_Y2pFAkhUv7HQ_19.000_29.000
new_Y2rEjHi9VQM0_7.000_17.000
new_Y2sZhC_mKeic_30.000_40.000
new_Y2smnPw-cEps_30.000_40.000
new_Y2tMAx_ODhkw_10.000_20.000
new_Y2tpNtgOTI7M_21.000_31.000
new_Y2tvbXTF_MOA_30.000_40.000
new_Y2wG2Ar6VRMU_30.000_40.000
new_Y2wN-zr2MB2A_30.000_40.000
new_Y3-Q-3tZRaLI_30.000_40.000
new_Y3-Yw2TJQX4M_13.000_23.000
new_Y30N8kpX42Nc_30.000_40.000
new_Y30jyF9zlHXU_30.000_40.000
new_Y323uKBR-l4o_30.000_40.000
new_Y34_hvcz2g3s_25.000_35.000
new_Y34nb4_NIs_4_13.000_23.000
new_Y35qYEcRiJEY_8.000_18.000
new_Y369SnL621UI_0.000_10.000
new_Y3Ez6bhUGPKk_30.000_40.000
new_Y3G6CJHZEVYM_30.000_40.000
new_Y3GC8vah5aHU_30.000_40.000
new_Y3Glt9M8l_OA_30.000_40.000
new_Y3HrhMbXIuEk_18.000_28.000
new_Y3N0eacoj16s_6.000_16.000
new_Y3P_hZmAbPuI_30.000_40.000
new_Y3QOZzr4qCsg_20.000_30.000
new_Y3REDa7Da7Dk_30.000_40.000
new_Y3UjvVNXo91s_30.000_40.000
new_Y3Vu_2_YBeTk_30.000_40.000
new_Y3W20yc8TE1s_30.000_40.000
new_Y3dVfAVhlAVo_30.000_40.000
new_Y3ehTwni-7sg_30.000_40.000
new_Y3ejndVEAcmQ_11.000_21.000
new_Y3fdw7WJRVQc_19.000_29.000
new_Y3gXb8hq1Vk8_25.000_35.000
new_Y3gjF-cVb_m4_30.000_40.000
new_Y3n--reua_a0_27.000_37.000
new_Y3tPbl-78nZ8_0.000_4.000
new_Y3vcBPIhHjbE_90.000_100.000
new_Y3ww-zwFxrtY_30.000_40.000
new_Y3xeZDE2UE6w_30.000_40.000
new_Y46Ui0WCPoNk_30.000_40.000
new_Y48qlec3i3Ds_25.000_35.000
new_Y4BK-071pAfI_30.000_40.000
new_Y4BmkuLnWy1U_120.000_130.000
new_Y4MdNHt91DHM_30.000_40.000
new_Y4MqedZrHths_30.000_40.000
new_Y4OYKkAqdYbI_0.000_10.000
new_Y4P7p_EIdIeY_30.000_40.000
new_Y4S2R5UfWNBc_4.000_14.000
new_Y4UHlvxbSsJY_30.000_40.000
new_Y4VD4FGVS2nM_10.000_20.000
new_Y4VmVMns3514_50.000_60.000
new_Y4XHI4u7VidE_30.000_40.000
new_Y4Z-aeSrkqFg_30.000_40.000
new_Y4_MSTYZF8ns_0.000_10.000
new_Y4bLFS9KnHJU_30.000_40.000
new_Y4d4NOpPqTeo_11.000_21.000
new_Y4eeCIydN--4_3.000_13.000
new_Y4f2SbVHDPU8_30.000_40.000
new_Y4fpXqwEe_hM_0.000_4.000
new_Y4g5UJW0t4uc_30.000_40.000
new_Y4gSRzRQie2M_1.000_11.000
new_Y4hMpfbdjIjo_40.000_50.000
new_Y4hjW385XyHE_30.000_40.000
new_Y4ks0_dkWNGw_10.000_20.000
new_Y4lYCUB4REU0_30.000_40.000
new_Y4le_42J5qkU_12.000_22.000
new_Y4mswzuaZjnQ_30.000_40.000
new_Y4muUnvSiceA_30.000_40.000
new_Y4nsoFVx6MZ4_17.000_27.000
new_Y4oDE5ldMtT4_30.000_40.000
new_Y4pSzvT4eNdE_22.000_32.000
new_Y4pjcLnx3dMs_14.000_24.000
new_Y4rZuOkQL4HY_30.000_40.000
new_Y4rlpvDKiMMY_15.000_25.000
new_Y4saOJCEUaLE_17.000_27.000
new_Y4v89TDGH3do_30.000_40.000
new_Y5-aW6ffdiys_100.000_110.000
new_Y52tdbEqLRsM_30.000_40.000
new_Y--sIMPsphRI_10.000_20.000
new_Y--7jZxfzemI_13.000_23.000
new_Y--L22BmDI6E_12.000_22.000
new_Y-1UleAsNU_4_30.000_40.000
new_Y-24cKdvEPHs_20.000_30.000
new_Y-2XABjjB1tU_110.000_120.000
new_Y-37X0bRVT0g_140.000_150.000
new_Y-3L1zkUbHt8_21.000_31.000
new_Y-3cmXbOJOoc_30.000_40.000
new_Y-4H1EUXNl5s_30.000_40.000
new_Y-4ROHZMW7t0_5.000_15.000
new_Y-4ZFguO-v8M_50.000_60.000
new_Y-4i49rWLl1o_20.000_30.000
new_Y-4oBn8qurR4_25.000_35.000
new_Y-5IoPSM59xM_9.000_19.000
new_Y-5rnGk2e1ao_0.000_10.000
new_Y-799s1wQehA_110.000_120.000
new_Y-7T1vQ2CgdQ_10.000_20.000
new_Y-7Y8Cmjdvuk_20.000_30.000
new_Y-7khzUmnlm8_30.000_40.000
new_Y-7v9JCLrISM_210.000_220.000
new_Y-9OUFFMZTuk_50.000_60.000
new_Y-9P1IlNEgsM_0.000_8.000
new_Y-9YohOxYZ0Q_10.000_20.000
new_Y-A1G9vEhK58_20.000_30.000
new_Y-BEt_WLaM_8_30.000_40.000
new_Y-CEC5RoRUbU_30.000_40.000
new_Y-Dqd4YgZL0k_30.000_40.000
new_Y-EM6qEqk_H0_10.000_20.000
new_Y-GQtDyZq5y4_30.000_40.000
new_Y-HBR6wrrhAs_0.000_10.000
new_Y-HLkaa5GCFg_20.000_30.000
new_Y-HnhPxiYLLU_0.000_9.000
new_Y-IHE1hhdtek_30.000_40.000
new_Y-Io461is8Ko_120.000_130.000
new_Y-Its_5qrHs8_30.000_40.000
new_Y-JlAIil9iSE_8.000_18.000
new_Y-K0wP_zCTvA_30.000_40.000
new_Y-KzCxE1X5j0_30.000_40.000
new_Y-L46ZLyp9R0_30.000_40.000
new_Y-LWu_lirwKk_0.000_10.000
new_Y-LqG7GIW8UQ_110.000_120.000
new_Y-N7Qwe8goRc_20.000_30.000
new_Y-Nsu5Dm73Xw_0.000_10.000
new_Y-O-s44NpuEo_30.000_40.000
new_Y-OIGDKhH1cQ_10.000_20.000
new_Y-OYEgBWbvr4_0.000_10.000
new_Y-PIv8H-fn5U_50.000_60.000
new_Y-PWc49x8cyE_30.000_40.000
new_Y-PxusaPCH98_30.000_40.000
new_Y-QSTEXFuNZs_0.000_10.000
new_Y-QhqFtXZ7NA_30.000_40.000
new_Y-R47b72sQLU_4.000_14.000
new_Y-R5D2ee48uQ_21.000_31.000
new_Y-SL5sFIuhtg_30.000_40.000
new_Y-T9PDWg_EeU_30.000_40.000
new_Y-T9mK2krm2w_30.000_40.000
new_Y-TSQj52I1PQ_260.000_270.000
new_Y-UIDQgPMztE_30.000_40.000
new_Y-UubaEEMA4Q_30.000_40.000
new_Y-UxlFmoVuPo_30.000_40.000
new_Y-VG70q026Bw_30.000_40.000
new_Y-VPoLzHsw1s_30.000_40.000
new_Y-VV6dIcGmwI_0.000_10.000
new_Y-VbuWn-f52s_30.000_40.000
new_Y-Vo3XijOlvc_70.000_80.000
new_Y-W0tpODVUfQ_30.000_40.000
new_Y-WelAtqGj1E_60.000_70.000
new_Y-XLzWTb3sUg_30.000_40.000
new_Y-Y2x_3lyCqY_10.000_20.000
new_Y-YEkSU7gXLw_30.000_40.000
new_Y-Z0yjRccfSY_17.000_27.000
new_Y-ZBKA57bVj8_20.000_30.000
new_Y-ZdP1MF8bIw_10.000_20.000
new_Y-_A4yJmxFdM_30.000_40.000
new_Y-dvfWWc5bQ8_30.000_40.000
new_Y-eHWGca4Z8U_50.000_60.000
new_Y-ehQwV9uU8s_30.000_40.000
new_Y-dkiBLyj6wA_30.000_40.000
new_Y-dg95jfWnP4_30.000_40.000
new_Y-dDpGRPHzM0_30.000_40.000
new_Y-cid4JHUyiI_20.000_30.000
new_Y-cYASqmhOUo_50.000_60.000
new_Y-bWroS6KQj4_26.000_36.000
new_Y-akpZs0cx68_30.000_40.000
new_Y-_YEMHrl2QI_2.000_12.000
new_Y-eoxW0xL72I_20.000_30.000
new_Y-fugxRc4VhY_40.000_50.000
new_Y-furRVKz4ac_30.000_40.000
new_Y-hdg7DQaxW4_30.000_40.000
new_Y-hqM85LZw7c_20.000_30.000
new_Y-i0mmYppi18_30.000_40.000
new_Y-iQlvp-lsY4_30.000_40.000
new_Y-jQRCubyDVU_30.000_40.000
new_Y-kCWX1wjibc_30.000_40.000
new_Y-lHF9tBL2B8_30.000_40.000
new_Y-lT-SZfrIIU_140.000_150.000
new_Y-lwNEw-ZXlQ_10.000_20.000
new_Y-m5z0sH7kGE_20.000_30.000
new_Y-mdPX2djAUY_10.000_20.000
new_Y-mehDRbzJME_20.000_30.000
new_Y-mn4rI21T-4_30.000_40.000
new_Y-mt3E7_Ovlo_30.000_40.000
new_Y-unossccIwI_0.000_5.000
new_Y-umSSowXOX0_30.000_40.000
new_Y-u-Id9BVvIc_2.000_12.000
new_Y-u-F4pBH3F0_30.000_40.000
new_Y-twU2FvK4xw_50.000_60.000
new_Y-tPtpv32DZw_10.000_20.000
new_Y-sxwmvdgmWs_21.000_31.000
new_Y-sgDyi4BY-0_30.000_40.000
new_Y-sHWEPAUvmQ_50.000_60.000
new_Y-rcdmMimpgk_5.000_15.000
new_Y-rT-3LOGIjw_10.000_20.000
new_Y-r97oVkDfKQ_30.000_40.000
new_Y-r7foRuzOuc_70.000_80.000
new_Y-qfHOFxUwGQ_0.000_10.000
new_Y-pdmLg5FbQY_30.000_40.000
new_Y-pd7_XFFy0A_100.000_110.000
new_Y-oRgzBsFneA_22.000_32.000
new_Y-nveMLXxLn4_10.000_20.000
new_Y-nvJc7KvBJ8_30.000_40.000
new_Y-niT5wKbFOo_10.000_20.000
new_Y-naZXDdh9Ps_30.000_40.000
new_Y-n6rtB7rMuo_30.000_40.000
new_Y-mtTSO6FhSA_10.000_20.000
new_Y-vmRy0dU5kQ_0.000_5.000
new_Y-wb18_6tLAE_50.000_60.000
new_Y-yFeywhaivM_30.000_40.000
new_Y-yX0TlfBiFg_12.000_22.000
new_Y-yktClBEgbk_30.000_40.000
new_Y-yspk7ebYkQ_20.000_30.000
new_Y-za3Io5SExs_30.000_40.000
new_Y0-uzle1hzoI_0.000_10.000
new_Y-xy_iwaQckM_50.000_60.000
new_Y-zSFmp8e43E_30.000_40.000
new_Y0Am_PbPUkuk_30.000_40.000
new_Y0ApKTbVeSEU_21.000_31.000
new_Y0BSidlvh4Ds_30.000_40.000
new_Y0BTCY5xhrIY_30.000_40.000
new_Y0BnyrbZz8Jk_30.000_40.000
new_Y0BwiOU6alvQ_0.000_10.000
new_Y0C3J02LHgVk_30.000_40.000
new_Y0CRPp8k4wEo_30.000_40.000
new_Y0CUHnK_Lh4s_30.000_40.000
new_Y0CYxiRkfVhw_30.000_40.000
new_Y0CgZR0f_yFs_30.000_40.000
new_Y0CkERnAY8Ro_30.000_40.000
new_Y0EOJ3ZqLJDU_10.000_20.000
new_Y0EjIJRg8ub4_30.000_40.000
new_Y0FtYHAivI2E_30.000_40.000
new_Y0Gggc7Vz7TI_10.000_20.000
new_Y0Gxxzj2vopc_30.000_40.000
new_Y0IGUZWhc9Go_10.000_20.000
new_Y0J0sN1xeDZM_30.000_40.000
new_Y0M20-hvyBvQ_110.000_120.000
new_Y0M7CEfzzGm8_220.000_230.000
new_Y0N3bFducxuc_30.000_40.000
new_Y0NIW_5zr2zg_30.000_40.000
new_Y0OLsNjg9Q_c_40.000_50.000
new_Y0P2dMIUs6W0_21.000_31.000
new_Y0Q_BPEl7_Vo_30.000_40.000
new_Y0QkmP-TtIFo_300.000_310.000
new_Y0RFwwmALrBs_30.000_40.000
new_Y0RNKWKFds8Y_30.000_40.000
new_Y0RxvhDsjL0M_30.000_40.000
new_Y0UEClS6XhZ0_30.000_40.000
new_Y0UhAR0Qt4UA_28.000_38.000
new_Y0XDz4i5L4nE_30.000_40.000
new_Y0XED4i5Jkzw_300.000_310.000
new_Y0XR0EQBxzZk_30.000_40.000
new_Y0XUauSOwvzk_30.000_40.000
new_Y0X_XBckLKj8_30.000_40.000
new_Y0XouGEsWiQk_200.000_210.000
new_Y0ZPALU8EnWQ_30.000_40.000
new_Y0ZvMYLsy5sY_20.000_30.000
new_Y0_J0BWiW7-k_12.000_22.000
new_Y0a8RB5eOGJ4_30.000_40.000
new_Y0br2bEMg6yg_23.000_33.000
new_Y0bveNubRkUI_0.000_10.000
new_Y0cGgIDhIfdA_30.000_40.000
new_Y0cnLnzrBcmY_10.000_20.000
new_Y0d8dFoWQ2KA_30.000_40.000
new_Y0dI4cUQlAkQ_30.000_40.000
new_Y0eNfQDAbn_Y_20.000_30.000
new_Y0eaVWAwYCyU_40.000_50.000
new_Y0ebNDEKQWmY_2.000_12.000
new_Y0geFG8tCbrc_0.000_9.000
new_Y0gvqDWLoBfQ_10.000_20.000
new_Y0io4FnKo8Eg_20.000_30.000
new_Y0izj5OZGtg8_30.000_40.000
new_Y0j2L1H_b1qM_20.000_30.000
new_Y0kTHgSzQkfw_10.000_20.000
new_Y0l2qcA0XKUs_30.000_40.000
new_Y0lUFEAnnET8_30.000_40.000
new_Y0lV5Fln3nYA_390.000_400.000
new_Y0m5K90TnZhI_30.000_40.000
new_Y0m9QkjCVwcU_30.000_40.000
new_Y0mkHrcDzecQ_90.000_100.000
new_Y5_OJsj6bcuo_260.000_270.000
new_Y8EQHKEd5mm4_120.000_130.000
new_YA_0MlszhCDE_180.000_190.000
new_YKs82WXeSK_I_200.000_210.000
new_YTrdsiHl7xWA_30.000_40.000
new_YZPDVc3hNaQs_80.000_90.000
new_Y-DlHUJC4NuM_16.000_26.000
new_Y-EDRNpIlIwo_480.000_490.000
new_Y-GFJt6U-eE8_340.000_350.000
new_Y-Owu1H-JG9w_410.000_420.000
new_Y-PfTYmixaVM_170.000_180.000
new_Y-RIXNh-i88E_30.000_40.000
new_Y-ZFt9Uzz6Bc_410.000_420.000
new_Y-_EXFasQQb8_10.000_20.000
new_Y-_OktjRkoSk_110.000_120.000
new_Y-essyyKfJao_310.000_320.000
new_Y-g-eZBsr_3s_520.000_530.000
new_Y-knsW4FmXus_320.000_330.000
new_Y-mNmhJs1pYM_90.000_100.000
new_Y04jA_kRetJY_190.000_200.000
new_Y0H886ArR4l4_20.000_30.000
new_Y0PvDZ5t_Ajk_20.000_30.000
new_Y0WxL3UhsteQ_210.000_220.000
new_Y0Z4LBWXXRTY_430.000_440.000
new_Y0eTnDw0z8MQ_170.000_180.000
new_Y0lEavQUSRO4_410.000_420.000
new_Y0m5cakFD4UM_80.000_90.000
new_Y0oUbMWJgokM_170.000_180.000
new_Y0rmCYTGycKw_90.000_100.000
new_Y0t1ogJiWi2s_60.000_70.000
new_Y0wBhkeneS_0_90.000_100.000
new_Y18ga5cnUrmk_80.000_90.000
new_Y1BScYBNc6MA_50.000_60.000
new_Y1CPfFe_5hyQ_200.000_210.000
new_Y1ERSh8l5-sM_330.000_340.000
new_Y1GOF_EEeO-0_250.000_260.000
new_Y1T8oXIFhjbI_160.000_170.000
new_Y1X3ab9ycVL0_130.000_140.000
new_Y1pwPeNfpA6g_20.000_30.000
new_Y1vRE3X4JUGA_90.000_100.000
new_Y21Lcs4vTfL8_330.000_340.000
new_Y24MAv47JAmM_60.000_70.000
new_Y2BNVQn48D04_130.000_140.000
new_Y2EEC4MkIOiI_40.000_50.000
new_Y2ICT6R4XpG8_390.000_400.000
new_Y2IvlhZhAQXg_480.000_490.000
new_Y2K9u6gFz8aU_270.000_280.000
new_Y2UxOuJUUNYI_310.000_320.000
new_Y2gSMufsNQKA_30.000_40.000
new_Y2itn7f5uqII_340.000_350.000
new_Y2rk3CP0wyTE_30.000_40.000
new_Y2u1uhPJjG0E_130.000_140.000
new_Y31QfrApbf68_140.000_150.000
new_Y3BDYVasyc7w_90.000_100.000
new_Y3GzSX64mz9A_120.000_130.000
new_Y3JhDWx-fyrU_140.000_150.000
new_Y3KMFLT0_1Z8_40.000_50.000
new_Y3T83pSxx7EY_50.000_60.000
new_Y3W9E20sjFxU_30.000_40.000
new_Y3Y-sGqzbkz8_70.000_80.000
new_Y3eNWJ4Hle6Y_210.000_220.000
new_Y3fUx5N4E_Ns_22.000_32.000
new_Y3oMfiHn8glc_250.000_260.000
new_Y3vbNr_cSPCs_230.000_240.000
new_Y3xw-ArXjCd0_1.000_11.000
new_Y4GNasJv6pKg_160.000_170.000
new_Y4Io5AxwAZLg_210.000_220.000
new_Y4SsN6ljFgO4_380.000_390.000
new_Y4UnxBVjWyyI_310.000_320.000
new_Y4bMl2MbdGFc_60.000_70.000
new_Y4cV4T8ACLh8_290.000_300.000
new_Y4dYGxoFrg_U_120.000_130.000
new_Y4dcmUaJWEBA_250.000_260.000
new_Y4fz0-Kx2oNs_250.000_260.000
new_Y4n7ne-sC-JM_520.000_530.000
new_Y4nHPpC6oGn4_100.000_110.000
new_Y4pk8AgcjwHI_100.000_110.000
new_Y4yx7AdsRAOs_0.000_10.000
new_Y5-P7x4FV4lg_570.000_580.000
new_Y51O5P0FfM4s_350.000_360.000
new_Y56DAM74mj4o_110.000_120.000
new_Y59sY88oEnK4_270.000_280.000
new_Y5G6b_QWL3nY_60.000_70.000
new_Y5K3CYm2u2zA_220.000_230.000
new_Y5KgFUESjAjY_30.000_40.000
new_Y5MdrETdOmws_30.000_40.000
new_Y5MfA-Ty5Bug_120.000_130.000
new_Y5NL28wdRU7w_70.000_80.000
new_Y5OZjjLujmW4_220.000_230.000
new_Y5SuhTH6E4s0_510.000_520.000
new_Y5XSZ28t3Er4_40.000_50.000
new_Y5ZQCdVfdGig_170.000_180.000
new_Y5Z_H9AAErB8_240.000_250.000
new_Y5Zlfi4rMHdA_220.000_230.000
new_Y5cKp2I5wVnc_110.000_120.000
new_Y5hUK9ubSMZU_300.000_310.000
new_Y5jGW04-qCqA_70.000_80.000
new_Y5jLgU3vg-JQ_30.000_40.000
new_Y60sTmOvstX8_14.000_24.000
new_Y621uG1-AkPg_260.000_270.000
new_Y63aTkG1grKA_120.000_130.000
new_Y68ijV_btmC0_370.000_380.000
new_Y6DMX8gljdqU_90.000_100.000
new_Y6cCRuEzXIl8_410.000_420.000
new_Y6kG4su7eRsg_160.000_170.000
new_Y6nJ9zXqHerc_170.000_180.000
new_Y6zBQwvfO958_90.000_100.000
new_Y779sKwaX_Hc_120.000_130.000
new_Y7BrW2OIEGE4_20.000_30.000
new_Y7jYmoqMkZSI_50.000_60.000
new_Y7n4LwRcCA6I_230.000_240.000
new_Y7o9GQfuUR0w_30.000_40.000
new_Y7pL3UHjTnYw_90.000_100.000
new_Y7sWqfhE9q08_30.000_40.000
new_Y7w_SOFgaack_70.000_80.000
new_Y8-ZLMffhptY_280.000_290.000
new_Y8-wMKTMviuw_180.000_190.000
new_Y82f4N4PPYDg_70.000_80.000
new_Y8DVSSxR87pY_300.000_310.000
new_Y8XVcVotWIiE_2.000_12.000
new_Y8Xdq4cSpwl4_90.000_100.000
new_Y8s70b3xf7LY_100.000_110.000
new_Y8sfcMZ8A3OQ_180.000_190.000
new_Y8wsrGjVfzQI_160.000_170.000
new_Y923C2xEL-bY_110.000_120.000
new_Y94P0VLAgTb4_240.000_250.000
new_Y9JbcP3y9hYU_560.000_570.000
new_Y9KPk292No4k_140.000_150.000
new_Y9V_qFBGs5yY_240.000_250.000
new_Y9YO1aiPy2A4_280.000_290.000
new_Y9_HGCP0zg-4_30.000_40.000
new_Y9aPbbNZGKM4_140.000_150.000
new_Y9bQxINhcasI_30.000_40.000
new_Y9iGjureW7uE_80.000_90.000
new_Y9kMTqmnH0h8_70.000_80.000
new_Y9pJxCW3gGFE_120.000_130.000
new_Y9puiKadufhc_150.000_160.000
new_Y9urBm5gQ_Gs_120.000_130.000
new_Y9vugWX2roX4_350.000_360.000
new_Y9woSSMs77wg_160.000_170.000
new_Y9xTGSB1Gu5k_180.000_190.000
new_YA-KMlW676fA_170.000_180.000
new_YA-ni6bLwLzs_0.000_7.000
new_YA1vqIG8hUrA_140.000_150.000
new_YAXXbSozzodM_150.000_160.000
new_YA_Ed02Fc8uI_520.000_530.000
new_YAbj_Mr9vSF4_30.000_40.000
new_YAcv5XdRQYUg_350.000_360.000
new_YAiPaclfScPk_30.000_40.000
new_YAq9aVc38ENg_530.000_540.000
new_YAvtbBBUmJnY_30.000_40.000
new_YAxjVvxlVrB0_70.000_80.000
new_YB1jt_Zl16BM_140.000_150.000
new_YB6PFjZ09CeQ_160.000_170.000
new_YB7mBrG4WDFI_210.000_220.000
new_YB9tmpIYIBWc_40.000_50.000
new_YBCMH41D40C0_150.000_160.000
new_YBKNZ1V5Vwio_190.000_200.000
new_YBUqBatiRaS0_30.000_40.000
new_YC0yegOHoNH8_150.000_160.000
new_YC61p3UzHJlc_60.000_70.000
new_YC9RkVD1AgtU_60.000_70.000
new_YCYsgCcBFp9M_30.000_40.000
new_YD5LEHkIb3pI_30.000_40.000
new_YDK6lH3TIvvM_6.000_16.000
new_YEdapWc6McpE_150.000_160.000
new_YExjkmiWArck_380.000_390.000
new_YFA_mtHkWx_A_350.000_360.000
new_YF_EGkmOEU6s_9.000_19.000
new_YFjs4ljE0B9M_220.000_230.000
new_YFoAmYrmOvbU_30.000_40.000
new_Y-TDsXxTaw2Q_520.000_530.000
new_Y-WEfNbZO_LE_130.000_140.000
new_Y-YLpD1UW8qU_0.000_10.000
new_Y-hWRLlRjetY_10.000_20.000
new_Y-xyHS0dJ3R8_190.000_200.000
new_Y074nzzlXf_g_70.000_80.000
new_Y0r2OVHasER0_140.000_150.000
new_Y1Ulak3dMnGU_18.000_28.000
new_Y1h5vQr1yu2E_100.000_110.000
new_Y1hL4MSPzMZ0_270.000_280.000
new_Y1lqdBjdJgWg_50.000_60.000
new_Y2MwW5vQm4wI_210.000_220.000
new_Y2RQQORu0diE_60.000_70.000
new_Y2b7NoEYo56g_80.000_90.000
new_Y2dZ7ZV3vK28_30.000_40.000
new_Y2hahuIUm410_40.000_50.000
new_Y2p230m8MT0I_60.000_70.000
new_Y2qXtaTZdvrY_20.000_30.000
new_Y2tJYLjtQQjM_170.000_180.000
new_Y32V6Gv7S6mA_50.000_60.000
new_Y4FdTwg1jmAk_2.000_12.000
new_Y4QbTi4xcuVY_30.000_40.000
new_Y4RPbOWqEeVk_310.000_320.000
new_Y4SDfWBgrXVM_10.000_20.000
new_Y4XoQgeO26Ls_0.000_9.000
new_Y4fti1n2kmss_10.000_20.000
new_Y4vjsxKB1d5o_310.000_320.000
new_Y5D2UdmWOipI_10.000_20.000
new_Y69VgW9hZ1jc_190.000_200.000
new_Y6faPFBUvXh0_200.000_210.000
new_Y6hpAs8vJOow_70.000_80.000
new_Y75Ro0rRqJdg_50.000_60.000
new_Y7C4HntU8OzA_0.000_10.000
new_Y7WlRADYl44I_30.000_40.000
new_Y8GFntf9pr2M_120.000_130.000
new_Y9A1Sm-1KEqo_190.000_200.000
new_Y9SRUFh4J-9Y_80.000_90.000
new_Y9lBCoB8g7fU_20.000_30.000
new_Y9rjQjEg-XV0_0.000_7.000
new_Y9wQaQJq0Aok_100.000_110.000
new_YBNUpvKtFrlM_380.000_390.000
new_Y-6n82E5zyuY_70.000_80.000
new_Y-kJT_nUHinA_50.000_60.000
new_Y0j1-0Y6lGck_120.000_130.000
new_Y2GQHZpe5yjA_50.000_60.000
new_Y3bfLx0v2z_M_10.000_20.000
new_Y3jlZEJBFJWQ_220.000_230.000
new_Y54tr1EdazoQ_0.000_10.000
new_Y5CYK7AKivDo_180.000_190.000
new_Y61X1X_LmORw_90.000_100.000
new_Y6Q2pEz4dH9o_190.000_200.000
new_Y6TkcupyZ5Fo_50.000_60.000
new_Y73BZrwK0WG4_10.000_20.000
new_Y79rmTWPTE4k_20.000_30.000
new_Y84DPXuqLmPU_10.000_20.000
new_Y8eEE_7vieA4_60.000_70.000
new_Y8qft_Gz8pbI_40.000_50.000
new_Y94sZbMbYJu0_200.000_210.000
new_Y9h5ROryAOB8_30.000_40.000
new_Y9it7TG54R7o_20.000_30.000
new_YAdC7VM5iayo_30.000_40.000
new_YBbe0SLalfds_300.000_310.000
new_YBv7HaboieiI_30.000_40.000
new_YCYgCdPSDuLU_30.000_40.000
new_YDKIzFmeudjY_10.000_20.000
new_YDvo5gaHHMss_60.000_70.000
new_YDxl06F35zRU_190.000_200.000
new_YEzPcuNoSHMM_100.000_110.000
new_YFkxerJFHgwk_30.000_40.000
new_YFuWDfaQjbvs_100.000_110.000
new_YG9THIahRtIg_30.000_40.000
new_YIJCt1QRXB2c_10.000_20.000
new_YINo6GZA4JmI_30.000_40.000
new_YImI6wq8MZHI_30.000_40.000
new_YJUfqY02LE8o_30.000_40.000
new_YK_nRJ9wSrJo_230.000_240.000
new_YKlhaNw2GOdI_30.000_40.000
new_YLUXsrbkMXAo_30.000_40.000
new_YMAKDYhkqEuM_30.000_40.000
new_YMU-mjwNA8WA_10.000_20.000
new_YNc2S-9oUB8M_70.000_80.000
new_YNuua5ODd_fU_50.000_60.000
new_YP4qAI2r1p-Y_20.000_30.000
new_YP91WX58Lmy0_30.000_40.000
new_YP_LNQaKzuik_20.000_30.000
new_YPaTwyzQDgmU_70.000_80.000
new_YPti94mTT8SY_30.000_40.000
new_YQSgqjJ2iglM_30.000_40.000
new_YRMfA-0f-aDk_12.000_22.000
new_YTZmFozrJ7BE_20.000_30.000
new_YTau23jfxRV0_2.000_12.000
new_YTx8HKkQEPrc_10.000_20.000
new_YU4nhmciONvk_20.000_30.000
new_YUtFWit1DrMk_0.000_10.000
new_YVbPjWw7pRzo_230.000_240.000
new_YWQsD5BeHcVM_80.000_90.000
new_YWpaOXMCen7s_0.000_10.000
new_YWvGEDbhCAps_0.000_10.000
new_YWzt30lCBGHs_60.000_70.000
new_YX6U476H2pWw_20.000_30.000
new_YXOxXhQAmuYM_110.000_120.000
new_Y3Q4BXiy1O4M_130.000_140.000
new_Y-Jnns0s8q2g_22.000_32.000
new_Y-ZgUXgJn4U0_0.000_10.000
new_Y-pP61DogSPY_30.000_40.000
new_Y0F1zmrJb1tI_30.000_40.000
new_Y0FS8b5CAMp8_150.000_160.000
new_Y0IkRggWmlfo_0.000_10.000
new_Y17cA4Gv1BZY_220.000_230.000
new_Y1Iv2NfqIrS4_21.000_31.000
new_Y1bmyWAIQ8kU_60.000_70.000
new_Y20ARmYU0v4I_10.000_20.000
new_Y2Lr0D12vRyc_20.000_30.000
new_Y2MXgZDIhMBE_140.000_150.000
new_Y2VQtwvIo8qs_470.000_480.000
new_Y2Y0T7yIvKsk_50.000_60.000
new_Y2rDDBfzFoFE_270.000_280.000
new_Y32j2ljoJnrs_30.000_40.000
new_Y3DRjPtu_lPs_1.000_11.000
new_Y3YRHXBx7M-o_0.000_10.000
new_Y3faRdcvQG4c_0.000_10.000
new_Y3wFAf6wVAVM_100.000_110.000
new_Y3za58UBL5rE_0.000_10.000
new_Y4CKQdo1ppjs_0.000_10.000
new_Y4GpYhHH7V7g_7.000_17.000
new_Y4UOZhV_zU0g_0.000_10.000
new_Y5CQxRy_KRLg_170.000_180.000
new_Y5c5Xz7mbQcA_20.000_30.000
new_Y5vgZPDEI0Xo_130.000_140.000
new_Y6AIQWsPfoVg_50.000_60.000
new_Y6Tc-PG_aE9k_0.000_10.000
new_Y6mZSpGpIy-M_0.000_10.000
new_Y7aaCPJACSg4_6.000_16.000
new_Y7kSLOXodo5Y_20.000_30.000
new_Y8ElgFfdm3I4_30.000_40.000
new_Y8FOSukeEmlI_0.000_10.000
new_Y8l_rjIsUzdQ_16.000_26.000
new_Y8mOksvfiImI_130.000_140.000
new_Y9MOOm2UWqg4_90.000_100.000
new_Y9a9wO2zHK_0_20.000_30.000
new_YAeqkD4U_KvU_90.000_100.000
new_YBIMZ4xizgBc_0.000_10.000
new_YC08BB39CkeU_0.000_10.000
new_YCSkW8JWWITY_0.000_5.000
new_YCeyeVxQTXts_12.000_22.000
new_YDN0gNwt-XuM_140.000_150.000
new_YDWZjGH0sXXU_30.000_40.000
new_YEZolNzNjcEs_50.000_60.000
new_YEbMfK3MVPYU_0.000_10.000
new_YF56fFsSYrj8_0.000_10.000
new_YFLTWUsc03mg_120.000_130.000
new_YFP1l5Q2DnHU_270.000_280.000
new_YFc3GdhovCpQ_0.000_9.000
new_YFf-LWu7Eyag_40.000_50.000
new_YFl6VgLJBfZI_10.000_20.000
new_YH0Y9Qmjdtrw_60.000_70.000
new_YHN8v2mMMc9c_30.000_40.000
new_YHgNqeUAvbVI_10.000_20.000
new_YJPtjelwyiyY_280.000_290.000
new_YK9GDTXuoqp4_14.000_24.000
new_YKXzsUM_hd04_30.000_40.000
new_YL-shyM-lAF4_70.000_80.000
new_YL2YkwcKaus4_30.000_40.000
new_Y17xCyq_4wvs_440.000_450.000
new_YTSnq6n8tElo_0.000_10.000
new_Yg42ecK_5Ql4_30.000_40.000
new_YdnFtHhbyprM_60.000_70.000
new_YiUMViXPOP78_130.000_140.000
new_Y7yeWLEus7OI_80.000_90.000
new_Y-l8PxqOuQno_440.000_450.000
new_Y0d8_1lfiU0Q_90.000_100.000
new_Y0ny3NV1LczM_0.000_10.000
new_Y0uX3T48TZ-o_0.000_10.000
new_Y10ka4Hi5ulc_190.000_200.000
new_Y15MHODWgCm0_460.000_470.000
new_Y1C0KmX3qjOI_80.000_90.000
new_Y1VPLtD6f3ww_200.000_210.000
new_Y2cVWhokonSg_250.000_260.000
new_Y4Ej40iHrA-Q_300.000_310.000
new_Y4iAdrVeCMZg_120.000_130.000
new_Y4nOZGodjdJQ_450.000_460.000
new_Y4qVqsHqlAfU_50.000_60.000
new_Y5FNOfXHPtL8_110.000_120.000
new_Y5P5Hw47eHq0_70.000_80.000
new_Y6pgLixTKuLk_0.000_10.000
new_Y6qa2gp8O9FA_10.000_20.000
new_Y74H2THUDZTo_130.000_140.000
new_Y7mvN10Zo2mg_180.000_190.000
new_Y7yj_qBopdZU_100.000_110.000
new_Y8_H6Pxw2hdI_80.000_90.000
new_Y8zgQgREF1rA_210.000_220.000
new_Y948s7w-mFs8_460.000_470.000
new_Y9TAqtOkm1oY_20.000_30.000
new_Y9UREnfaEBIs_180.000_190.000
new_Y9vnCi8nepzY_10.000_20.000
new_YAaeemnJDijQ_300.000_310.000
new_YClD5nZPCYpo_340.000_350.000
new_YDJ67WIInEfQ_190.000_200.000
new_YDshGlHW-Gso_470.000_480.000
new_YE2Wz2m4OnNc_320.000_330.000
new_YEsPtgM0aEtI_90.000_100.000
new_YG-HHDd9iGBk_0.000_10.000
new_YGH_MVIMQFHM_0.000_10.000
new_YIISdb2xY1c8_70.000_80.000
new_YIM7fC7cC-0s_90.000_100.000
new_YJuRJ472fUnk_100.000_110.000
new_YLWzfyt3e5Z8_40.000_50.000
new_YMGDY9Vzb7aU_320.000_330.000
new_YN3K9gKi72D8_0.000_10.000
new_YOggnKrdzaQw_110.000_120.000
new_YPmxd_5MzMOU_360.000_370.000
new_YPuKbruzBgtQ_120.000_130.000
new_YQ82Zx2To3p0_274.000_284.000
new_YRKJ92g6Rlbg_50.000_60.000
new_YS6J_TBsr60w_60.000_70.000
new_YSfkcX840S7E_340.000_350.000
new_YTJQ2QmTpdiY_290.000_300.000
new_YTysWRPM860E_360.000_370.000
new_YUOQK9dEKpwU_30.000_40.000
new_YV0ML6ZWxKtY_30.000_40.000
new_YVvDxsU8fX-Y_70.000_80.000
new_YWYOZOVeL38I_400.000_410.000
new_YWwwwbUrBLbQ_180.000_190.000
new_YXkhekLeZL0Q_120.000_130.000
new_YXlFk0McqRS0_230.000_240.000
new_Yhtox2pJ-XVs_190.000_200.000
new_Y-3k1Xl7eriw_140.000_150.000
new_Y-5SglSseBko_180.000_190.000
new_Y-6XpcYja_QQ_210.000_220.000
new_Y-BvlRNfCz1w_50.000_60.000
new_Y-EvFB12zCk8_30.000_40.000
new_Y-H8nh3Z1__M_170.000_180.000
new_Y-HyhSn6rU8A_100.000_110.000
new_Y-T5KPWf0llU_110.000_120.000
new_Y-_UM0h1qcBM_40.000_50.000
new_Y-aHF0scCGc4_470.000_480.000
new_Y-fy0rQoumZ0_230.000_240.000
new_Y-ghB9TOCBR8_50.000_60.000
new_Y-klrkvfrYXU_70.000_80.000
new_Y-rQOBpBoyXw_220.000_230.000
new_Y-toGk_oBULM_330.000_340.000
new_Y-uIrOdeAZbQ_10.000_20.000
new_Y0R06GmUsGww_40.000_50.000
new_Y0Tt-SGltms0_480.000_490.000
new_Y0XURSgwK0VA_210.000_220.000
new_Y0_zh25VgrPY_50.000_60.000
new_Y0hy1fvEH4Zs_30.000_40.000
new_Y0kLEZglWPAI_230.000_240.000
new_Y0oQT-Cbz6D0_60.000_70.000
new_Y0yFZ4mGgqgk_90.000_100.000
new_Y10orprocVRw_360.000_370.000
new_Y16YYTRJavNE_110.000_120.000
new_Y1GUZ1qlXK8M_70.000_80.000
new_Y1MMFztEi-Hk_240.000_250.000
new_Y1f4p0vedfI8_220.000_230.000
new_Y1j3EdSOu7ME_30.000_40.000
new_Y1np6pFWeYNE_200.000_210.000
new_Y1vXVjlZlCf4_30.000_40.000
new_Y2EoNTqlwPi0_90.000_100.000
new_Y2HKrcHOigTU_130.000_140.000
new_Y2P_Yh66CIhY_20.000_30.000
new_Y2U6WeaRLEds_140.000_150.000
new_Y2X6NE7dA1vw_200.000_210.000
new_Y2aPtGGf0AEg_290.000_300.000
new_Y2njW17xoQHY_40.000_50.000
new_Y2sX5a11I5UQ_480.000_490.000
new_Y2tX_nAyRSp0_130.000_140.000
new_Y3EJ5Yf5hkx0_150.000_160.000
new_Y3KRWwv1B1bc_130.000_140.000
new_Y3Y-bKlz6yDY_340.000_350.000
new_Y3aau8XlZ6rk_110.000_120.000
new_Y3rn-t1PF84A_80.000_90.000
new_Y3sNrNlVxMu8_110.000_120.000
new_Y4Q37R8tiQUo_370.000_380.000
new_Y4Xvbqxv8DTg_330.000_340.000
new_Y4_yLxXvtm9s_90.000_100.000
new_Y4aeWOVHDPoU_580.000_590.000
new_Y4h1GQECU4GM_330.000_340.000
new_Y4nm2U07swz0_40.000_50.000
new_Y4qcrawQOVTM_260.000_270.000
new_Y4sHNykqZDNE_10.000_20.000
new_Y4uuGBWihU3g_100.000_110.000
new_Y4xIq6W9b4jY_60.000_70.000
new_Y52dupxkQbFo_260.000_270.000
new_Y558YuvyAoao_50.000_60.000
new_Y56hglfxZmSA_200.000_210.000
new_Y57L82bDE3qw_360.000_370.000
new_Y585sVgKWYHg_130.000_140.000
new_Y5EZwT9M5pSA_60.000_70.000
new_Y5IDCyA2GDgs_30.000_40.000
new_Y5S85tBSOyWE_170.000_180.000
new_Y5VRQeBUWq6Y_50.000_60.000
new_Y5dI6uTc-ELo_240.000_250.000
new_Y5fg4OOQEHgA_40.000_50.000
new_Y5ioGzyY8bU0_130.000_140.000
new_Y5mRrha-NzhY_250.000_260.000
new_Y5rq2cNIJjDY_100.000_110.000
new_Y5ySPLstciNg_130.000_140.000
new_Y65IrP6p0D0w_40.000_50.000
new_Y69HgDj5ObUE_380.000_390.000
new_Y6EeyngaELKA_0.000_10.000
new_Y6Jec5pP8JKQ_70.000_80.000
new_Y6P6a4R2uZFI_10.000_20.000
new_Y6RdolW1mrGY_60.000_70.000
new_Y6_ADEY85YME_110.000_120.000
new_Y6fxpVuxEHW4_380.000_390.000
new_Y6giZCLr_kHQ_110.000_120.000
new_Y6i7qgb6DDEw_350.000_360.000
new_Y79se-Y2lBQ8_50.000_60.000
new_Y7LPUszo1Iik_50.000_60.000
new_Y7wi2e54glEM_180.000_190.000
new_Y7zXcQDhtZDs_210.000_220.000
new_Y83Txe5EAijU_260.000_270.000
new_Y8FdSTXcdd_I_90.000_100.000
new_Y8KuJppQ-eYo_60.000_70.000
new_Y8ULJxyCGIDo_130.000_140.000
new_Y8ajbjZHEE84_30.000_40.000
new_Y8sVHU5ZS5zA_30.000_40.000
new_Y8vH-7eaPSuQ_110.000_120.000
new_Y8xGTYSfiOho_70.000_80.000
new_Y90WHXVizpa4_560.000_570.000
new_Y99OwHVyV-TU_110.000_120.000
new_Y99cwh996lpU_540.000_550.000
new_Y9Bac9Hg6ix8_200.000_210.000
new_Y9F8Ea-D4s2s_350.000_360.000
new_Y9QYrSEuK2y8_80.000_90.000
new_Y9fp-9qML6j0_0.000_10.000
new_Y9wjb1AfkAns_230.000_240.000
new_YAhopgeu0JLY_60.000_70.000
new_YAuM1rU__KQA_360.000_370.000
new_YB40LYUDQXsI_220.000_230.000
new_YB4d09kEOrS0_40.000_50.000
new_YB6ggNg0zh7g_50.000_60.000
new_YBi6KCe9AM30_150.000_160.000
new_YBkUdwj5JR0Q_20.000_30.000
new_YBma1LAXdxoI_80.000_90.000
new_YBr8Rn5iN8ko_80.000_90.000
new_YBuYLhXrknLc_60.000_70.000
new_YBwJgOCnwsA8_80.000_90.000
new_YC2ZwwKIThvU_10.000_20.000
new_YC6G6Clcqhvs_170.000_180.000
new_YC8NPjvCLGak_20.000_30.000
new_YC8obKwBa33A_40.000_50.000
new_YC9cqgHZeGxo_170.000_180.000
new_YCFyKc5-3BF0_420.000_430.000
new_YCG6PGt5GazM_0.000_10.000
new_YCH4_LVdfV8Q_30.000_40.000
new_YCKZ6cyVKQEw_120.000_130.000
new_YCNRLrz9xUwY_30.000_40.000
new_YCYLZnd9SB7Y_40.000_50.000
new_YCePd0H0KpUU_30.000_40.000
new_YDJ1T9Es0htI_310.000_320.000
new_YDLFIy38xCB8_150.000_160.000
new_YDgElEEFPRaE_570.000_580.000
new_YDoW-vPhJbK4_60.000_70.000
new_YDptBcsuywGc_90.000_100.000
new_YDvgyFP7jxh4_70.000_80.000
new_YDvntfZKOkFg_70.000_80.000
new_YDxLsuLSwPXg_40.000_50.000
new_Y--L9-DQKtlk_250.000_260.000
new_Y-0RUcq5tkNU_60.000_70.000
new_Y-tF2I8HmsHg_0.000_10.000
new_Y-dpI6JsEyLs_370.000_380.000
new_Y3MvZNrzT_yY_230.000_240.000
new_Y_M6meJksXGE_70.000_80.000
new_YJlR9YiI_Spo_30.000_40.000
new_YOFPWxYhuqkM_30.000_40.000
new_Y-64ZmjOBlE8_20.000_30.000
new_Y-JP_MEol_8I_60.000_70.000
new_Y-SxC_hWxr8E_80.000_90.000
new_Y-ZZ16CynYAU_40.000_50.000
new_Y-_SpAZLpoWw_130.000_140.000
new_Y-yJiF8j1mBg_40.000_50.000
new_Y0-_qA6N0U0U_130.000_140.000
new_Y0UMoM9GT5Ws_100.000_110.000
new_Y0aFcKmzH5uM_70.000_80.000
new_Y0cnz5UnKhVQ_20.000_30.000
new_Y0dGRxCpfAAU_330.000_340.000
new_Y0efD01_zD8o_20.000_30.000
new_Y0m3vVvKpVQg_0.000_10.000
new_Y102JJRQMSWI_330.000_340.000
new_Y154QbSZVTgw_30.000_40.000
new_Y1Q2KE92L738_40.000_50.000
new_Y1WI4qtcajVE_60.000_70.000
new_Y1g_Q4M0-2Wk_300.000_310.000
new_Y1kBcy6e8C6U_10.000_20.000
new_Y1l2JCxeQzz8_190.000_200.000
new_Y1oHc2z4CcQE_170.000_180.000
new_Y1xXFh-z674c_0.000_10.000
new_Y28RybnaaruE_40.000_50.000
new_Y2A0V2P_k54o_140.000_150.000
new_Y2Cwb4A7_BKU_520.000_530.000
new_Y2UEONa82Uqc_440.000_450.000
new_Y2aOxQ7yhhcs_490.000_500.000
new_Y2az5_nabV6Q_280.000_290.000
new_Y2evVhUh-lHI_50.000_60.000
new_Y2j5WqXOAQFc_290.000_300.000
new_Y2lpy_JOBHLM_150.000_160.000
new_Y2nKHeUk3hc4_280.000_290.000
new_Y2nW29N2td3w_10.000_20.000
new_Y32YmhSSVU4U_30.000_40.000
new_Y34LsZwq04uo_190.000_200.000
new_Y37zZvSkYhO4_0.000_10.000
new_Y3HO5aMVbsRI_210.000_220.000
new_Y3vphosRD_Uk_40.000_50.000
new_Y4BDeI3b0Nyc_40.000_50.000
new_Y4O6LOE7kQJA_240.000_250.000
new_Y4kT1BaFHza0_50.000_60.000
new_Y4n7O0dJ3pmE_0.000_10.000
new_Y5aE_ARYhtgY_30.000_40.000
new_Y5hRL4oBRP7E_10.000_20.000
new_Y5yFBvLbq1XA_30.000_40.000
new_Y6IfLsA7TAyE_30.000_40.000
new_Y6UDbuFKXaR0_10.000_20.000
new_Y6UgKM2GQR-I_20.000_30.000
new_Y6nxejjU5uP0_50.000_60.000
new_Y71cT7xAs4VI_50.000_60.000
new_Y72_3uEVpP1k_140.000_150.000
new_Y7kdT0XUlUR4_120.000_130.000
new_Y7p46zniZmQo_150.000_160.000
new_Y8-8j3bdea70_240.000_250.000
new_Y8FNGAEJom4k_70.000_80.000
new_Y8X4RhPRTYQk_220.000_230.000
new_Y8fhjIpCeRs8_30.000_40.000
new_Y8hL72rmg56U_50.000_60.000
new_Y966jA2-z0mQ_340.000_350.000
new_Y990kimBvy1U_100.000_110.000
new_Y9aN9xCyWw8Q_190.000_200.000
new_Y9fLNaTP3gps_10.000_20.000
new_Y9mZZGZzzZvg_190.000_200.000
new_YAZmZ6kfHm1M_10.000_20.000
new_YAa_maNDcSOw_510.000_520.000
new_YAjGA2F4q6uk_470.000_480.000
new_YArSkEp-eSGA_30.000_40.000
new_YAxt_nGcrTR8_500.000_510.000
new_YBHzi0r-mghI_30.000_40.000
new_YBKSjAQdCpHQ_60.000_70.000
new_YBMDKkCbuzhg_260.000_270.000
new_YBSUZp6JIM38_160.000_170.000
new_YBbFqr4n4IZA_120.000_130.000
new_YC418nNoQeeA_220.000_230.000
new_YC6Ljue5PzIU_240.000_250.000
new_YC7Cf1q11zRw_530.000_540.000
new_YCAPCNEViaeo_30.000_40.000
new_YDC9p-KcYyPE_100.000_110.000
new_YDMtxOWGoerQ_400.000_410.000
new_YDPHu5KujHNc_70.000_80.000
new_YDanK-ZvjgN4_0.000_4.000
new_YDgFHRdGc8uQ_20.000_30.000
new_YDzsmK2kM-5U_30.000_40.000
new_YEDAJyMTNzdU_0.000_10.000
new_YEF8kEq-kgWE_220.000_230.000
new_YEskIddwvxxk_510.000_520.000
new_YF86r24n2tRg_30.000_40.000
new_YFBmIdVwK4d4_90.000_100.000
new_YFRho6fbN91k_410.000_420.000
new_YFfKGh8AIuSQ_220.000_230.000
new_YFmhReQEt-eg_30.000_40.000
new_YFofzmaOwL9I_20.000_30.000
new_YGCETAb5PT7I_0.000_10.000
new_YGaVEjL__sc8_40.000_50.000
new_YGr8s4MZs0Fo_110.000_120.000
new_YGx_Tfbrmfvs_80.000_90.000
new_YHOPPuIFvAqs_30.000_40.000
new_YHZ2E6E_9Im8_60.000_70.000
new_YH_KNJ52nAiM_0.000_10.000
new_YHclaeqlHtAI_450.000_460.000
new_YHgAWCQ5fvaY_30.000_40.000
new_YI1Qr1n4gyik_150.000_160.000
new_YIBZM13fbFHI_150.000_160.000
new_YIWO1f7E0CF4_40.000_50.000
new_YIYie9f5Zoi4_110.000_120.000
new_YIZmZEQiMQXo_70.000_80.000
new_YIZpgE9_0SKw_70.000_80.000
new_YIrDw7HMy630_120.000_130.000
new_YJGUGlVTs2-M_410.000_420.000
new_YJSfuu1BOwRo_0.000_10.000
new_YJjrgFhpGlB8_70.000_80.000
new_YJrJAL0TyUCc_190.000_200.000
new_YK8hvtDv4Pu0_360.000_370.000
new_YK97MbozOfeM_130.000_140.000
new_YKG68Xooiy4Y_120.000_130.000
new_YKRPlcAANvn0_120.000_130.000
new_YKWYMHBrFzko_110.000_120.000
new_YKWxy6GNZIOM_10.000_20.000
new_YKaTlXvarwgc_10.000_20.000
new_YKaZqY164XkE_30.000_40.000
new_YKkNOG6LDB08_110.000_120.000
new_YLYcW_eTDHQU_13.000_23.000
new_YLgVquCHPHP0_0.000_10.000
new_YLjlszWDz1Js_350.000_360.000
new_YM5WdAtpjhuE_20.000_30.000
new_YM5chN5WgE4g_10.000_20.000
new_YM6redC33XpU_240.000_250.000
new_YMNnbPAYosw4_290.000_300.000
new_YNGPBlFWUrX0_30.000_40.000
new_YNVG6edrUkZE_570.000_580.000
new_YNhIzjgScWG8_30.000_40.000
new_YNju5CH-3cAw_250.000_260.000
new_YO6ANSuo4wqA_500.000_510.000
new_YO8fDStDVZGc_0.000_10.000
new_YONh6Jb2MbSo_90.000_100.000
new_YOUxnwfKtTE0_20.000_30.000
new_YOk5fxdkbVvY_410.000_420.000
new_YOvIWDoKqVyo_70.000_80.000
new_YOz54Auev9eU_170.000_180.000
new_YPNjr19PWgs8_30.000_40.000
new_YPUklJ_YM2nY_230.000_240.000
new_YPWG95GjByFQ_140.000_150.000
new_YPfc9MUPk0dw_110.000_120.000
new_YPq2R5Lc0Gms_60.000_70.000
new_YPsbbXhvgzKU_120.000_130.000
new_YPsgvPFOr-TM_30.000_40.000
new_YPt09W6J9Awk_0.000_10.000
new_YPvH6dGL-N6Y_30.000_40.000
new_YQQJqRJaYdKU_30.000_40.000
new_YQlflL9N5IOQ_0.000_10.000
new_YR6kfdRoG4no_70.000_80.000
new_YRpPWfr_1GbA_0.000_10.000
new_YRr2e7xqYDzs_0.000_6.000
new_YRydJj9VhwPA_30.000_40.000
new_YS1mcQ3hgKLM_20.000_30.000
new_YS7_mWTET9to_30.000_40.000
new_YSEfck-Wvy2s_360.000_370.000
new_YSagw-Umk5O8_50.000_60.000
new_YSdxSgz-RrHQ_140.000_150.000
new_YSo2BdqpfkK0_90.000_100.000
new_YSoHW3xQFkqU_30.000_40.000
new_YTVM8-QR64L8_30.000_40.000
new_YTadbPYUHAvs_130.000_140.000
new_YU0gtX-O9xC4_20.000_30.000
new_YUHsYJU1ACQA_0.000_10.000
new_YUNfv0yWhLoo_80.000_90.000
new_YV3FZKiKjGwE_50.000_60.000
new_YVSJKA5dBm1A_140.000_150.000
new_YQJu-aBoOUVw_170.000_180.000
new_Y-2FVPRdbLdA_10.000_20.000
new_Y-F6GfPwjLWo_30.000_40.000
new_Y-KrDQXnlXRw_10.000_20.000
new_Y-LnYUCuNUuI_20.000_30.000
new_Y-NW2pPAToFM_0.000_10.000
new_Y-YkIP4iqElA_10.000_20.000
new_Y-aI2lItV7zE_100.000_110.000
new_Y-dX5RtfumBA_220.000_230.000
new_Y-fC8_UodWjA_40.000_50.000
new_Y-nWUVq5s7cM_30.000_40.000
new_Y-wyF3xGM95g_10.000_20.000
new_Y-ygqz4jLcsk_0.000_10.000
new_Y04zOu5UFyo0_20.000_30.000
new_Y0FXHXCu1lJY_200.000_210.000
new_Y0HWIjjmpVtY_70.000_80.000
new_Y0Opn_vz6sf4_10.000_20.000
new_Y0PcvfVZo9e4_10.000_20.000
new_Y0ZVdHyRbCCo_40.000_50.000
new_Y0aZ3vvM4V34_10.000_20.000
new_Y0fr57nOHOEU_40.000_50.000
new_Y0gKyoOENUBM_70.000_80.000
new_Y0iSQ-tdp1mo_40.000_50.000
new_Y0j9aw8s6s1s_40.000_50.000
new_Y0lqGcL0-uVA_10.000_20.000
new_Y0mj46Xhzx1Y_10.000_20.000
new_Y0suFvKAWJnU_10.000_20.000
new_Y0uIe4dKUC1s_50.000_60.000
new_Y0xdJWDNLZrE_290.000_300.000
new_Y0z5TRiOKlX4_20.000_30.000
new_Y13AbnrWanPk_20.000_30.000
new_Y16b9HjgnmrY_40.000_50.000
new_Y1AfCMvhZJVY_40.000_50.000
new_Y1BEpOomjdIU_0.000_10.000
new_Y1IgfQE4GT1Q_20.000_30.000
new_Y1NbkO1auM1U_0.000_10.000
new_Y1PLtmuFO66E_150.000_160.000
new_Y1Tb7c70fJBs_10.000_20.000
new_Y1YPjs1CTY2E_0.000_10.000
new_Y1aNLeVBB9RQ_0.000_10.000
new_Y1deq0hecAUE_280.000_290.000
new_Y1hnLcaOlFks_90.000_100.000
new_Y1sGbBTYBxDg_20.000_30.000
new_Y1sTktH04-fw_40.000_50.000
new_Y20nyHEh2HW0_30.000_40.000
new_Y26-HMlPhve4_20.000_30.000
new_Y27OJnL93_xc_270.000_280.000
new_Y2BwiNhqCOFg_160.000_170.000
new_Y2ErfX6ZT5pM_0.000_10.000
new_Y2NP0fuxn-Q8_0.000_9.000
new_Y2QETzhkbY6E_17.000_27.000
new_Y2QTH4_WQlgg_0.000_10.000
new_Y2T4irxX9lGs_60.000_70.000
new_Y2YrIIOchjLQ_100.000_110.000
new_Y2cBdAvV0_zs_80.000_90.000
new_Y2cli1cg7SSA_240.000_250.000
new_Y2d7dwiGchrg_10.000_20.000
new_Y2hJBV9mb1CA_20.000_30.000
new_Y2k0odEpLIkc_20.000_30.000
new_Y2n4qR03SjnY_10.000_20.000
new_Y2rbGcfo-k_Q_0.000_10.000
new_Y3-0K2zuTwl4_10.000_20.000
new_Y3OBX7R7QzgY_20.000_30.000
new_Y3P-wkugs3s4_40.000_50.000
new_Y3RaZ_DvJEsM_0.000_10.000
new_Y3XZcJfZsVhA_20.000_30.000
new_Y3YGtfWG_KT8_110.000_120.000
new_Y3drnEnI8bls_10.000_20.000
new_Y3lw0xavwWGE_20.000_30.000
new_Y3mPPyrXA60o_0.000_10.000
new_Y3rzg4ObzNL0_0.000_10.000
new_Y3slY8qx8ZeI_30.000_40.000
new_Y3xDZ-kdGE3o_10.000_20.000
new_Y46UxneRS0Vw_20.000_30.000
new_Y4CszE2N1TGw_0.000_10.000
new_Y4GqZD3eNvIs_30.000_40.000
new_Y4IF49XmNCaw_50.000_60.000
new_Y4Lg847Wx8xc_80.000_90.000
new_Y4MILPH5z3no_30.000_40.000
new_Y4NHy8ARu1cc_60.000_70.000
new_Y4NZCBEZbIDA_10.000_20.000
new_Y4SIuuAQ3YLk_40.000_50.000
new_Y4U9CtLJhpsQ_20.000_30.000
new_Y4nN9QuT_OJM_20.000_30.000
new_Y4pgGIwd2wto_20.000_30.000
new_Y4psMVnfOCIs_20.000_30.000
new_Y4r8uFqPOpqU_0.000_10.000
new_Y4tj_DVfp0ME_10.000_20.000
new_Y4ur5pqQkYGU_30.000_40.000
new_Y4yiwdZ3LsN4_60.000_70.000
new_Y4z2LSoUlWYk_180.000_190.000
new_Y52l9n3JCtSk_60.000_70.000
new_Y53jtALXeS7U_40.000_50.000
new_Y53ktQBZmxUM_0.000_10.000
new_Y58f0fFt0y4o_30.000_40.000
new_Y59UL9Up9a3o_90.000_100.000
new_Y59oDk6IRkB8_10.000_20.000
new_Y5EcrQhp7We0_40.000_50.000
new_Y5MXhhFv6AMo_70.000_80.000
new_Y5Xi_j-8fpnA_190.000_200.000
new_Y5bIuMNKRpTk_10.000_20.000
new_Y6-Ok_3WzP5k_30.000_40.000
new_Y64coFYUI4f0_180.000_190.000
new_Y67GyakZWaFk_0.000_10.000
new_Y6F-1DUQjoGY_220.000_230.000
new_Y6IIDZWPcSd8_0.000_10.000
new_Y6L6A0CxinL8_10.000_20.000
new_Y6MBc6UrEv5Y_0.000_10.000
new_Y6MGkrvH8Ntc_10.000_20.000
new_Y6OTNz254tQw_70.000_80.000
new_Y6U7HcpVhQ1A_0.000_10.000
new_Y6YKWV3Hcsp8_10.000_20.000
new_Y6fUn9gGkTIo_10.000_20.000
new_Y6gtQ1amk3sk_10.000_20.000
new_Y6iK8csUljY8_30.000_40.000
new_Y6iZ5R_J9wKI_30.000_40.000
new_Y6kgP5UmqtRs_10.000_20.000
new_Y6lor4r7k4As_20.000_30.000
new_Y79y6PHjXnd8_10.000_20.000
new_Y7Eumr8sgq9I_30.000_40.000
new_Y7HakzscblZY_30.000_40.000
new_Y7Q0qcvdL7bc_80.000_90.000
new_Y7TSU0B2adAM_20.000_30.000
new_Y7_05UMqy4Tc_0.000_10.000
new_Y7__8AVfo2bk_30.000_40.000
new_Y7bdx3FmHJ2E_0.000_10.000
new_Y7cgTsdhfn7s_20.000_30.000
new_Y7ih9QYtw9ko_10.000_20.000
new_Y7ue5N_tH-jI_0.000_9.000
new_Y7v9h0tZXwu0_0.000_10.000
new_Y7w8SF8dYNFI_10.000_20.000
new_Y7xZxYm27FdA_20.000_30.000
new_Y7yskaISnJM8_20.000_30.000
new_Y85pI1yQAV98_70.000_80.000
new_Y879C2PIaagw_20.000_30.000
new_Y88P_mdXElVU_10.000_20.000
new_Y88nqjULENCk_20.000_30.000
new_Y8ALWgLQx7Xo_20.000_30.000
new_Y8OTPu7DH0VI_0.000_10.000
new_Y8PJoXe_XFe8_30.000_40.000
new_Y8cR_Xq27Gbw_180.000_190.000
new_Y8kekGAzvdlc_20.000_30.000
new_Y8uhjObBGV-w_60.000_70.000
new_Y8yfRH5pzHDo_30.000_40.000
new_Y917aqwF8aAM_100.000_110.000
new_Y96N-zODUCtc_10.000_20.000
new_Y9HTVgGYken8_100.000_110.000
new_Y9IcLueWEQIc_20.000_30.000
new_Y9K8GZMG1QJo_0.000_10.000
new_Y9XAvzOnkZhM_0.000_10.000
new_Y9YHKI1kla2I_30.000_40.000
new_Y9mlC9bC0ZjA_30.000_40.000
new_Y9rcj35XGKWA_80.000_90.000
new_Y9uZM6I0gFX8_120.000_130.000
new_Y9ykOLkdw4Vw_70.000_80.000
new_YAVuLYVe77Fg_10.000_20.000
new_YAXY-pAhVEUc_20.000_30.000
new_YAZbwdHIhyTI_12.000_22.000
new_YAbt-fZfXT3g_10.000_20.000
new_YAdT_D9X6sXw_40.000_50.000
new_YAj5uXT-2Mps_60.000_70.000
new_Y1GAKaKWyPzA_40.000_50.000
new_Yhx-l6uiP3Hs_170.000_180.000
new_Y-1TeQpwlZGs_9.000_19.000
new_Y-3G-bs5JaW8_100.000_110.000
new_Y-3WtffZs4rk_30.000_40.000
new_Y-8kh4JEvkzw_0.000_10.000
new_Y-8myqx-cnlc_500.000_510.000
new_Y-NEAWkNvWvs_170.000_180.000
new_Y-OMdnou20dc_30.000_40.000
new_Y-SPr6nTlav0_170.000_180.000
new_Y-m5YF2UJeVw_70.000_80.000
new_Y-mRxPWXrSsY_280.000_290.000
new_Y-pBsdyP12ak_510.000_520.000
new_Y-qaeakbiv0U_430.000_440.000
new_Y-t3DMClxaIo_10.000_20.000
new_Y-zD_Aj1ch-o_100.000_110.000
new_Y0F_RFWvp8cY_270.000_280.000
new_Y0GSBomNmZxI_30.000_40.000
new_Y0UO35uIOrhg_50.000_60.000
new_Y0UwvVY2kc0E_40.000_50.000
new_Y0V_O6i9tqrw_260.000_270.000
new_Y0_Jhvi8PQR8_20.000_30.000
new_Y0o-DD4GwohU_110.000_120.000
new_Y0yCFCh8e10Y_10.000_20.000
new_Y18Upv_ZinJ0_90.000_100.000
new_Y1KXOr7ZoUXQ_480.000_490.000
new_Y1NGbZ7DAMe4_150.000_160.000
new_Y28WMzKS8Mvg_40.000_50.000
new_Y28c_azOmujY_20.000_30.000
new_Y28ggvtWJIz4_40.000_50.000
new_Y2BdRnFt3tSY_180.000_190.000
new_Y2Cv0_9ezILU_30.000_40.000
new_Y2KdHeWz8utE_60.000_70.000
new_Y2Lg4zowpNxE_30.000_40.000
new_Y2M9-lt6hXJc_60.000_70.000
new_Y2VMS64fFJps_170.000_180.000
new_Y2Vr7nMFnECk_130.000_140.000
new_Y2WP8Vmkdv_Y_180.000_190.000
new_Y2eBQV6mzMfs_160.000_170.000
new_Y2nFGzlJzxEU_260.000_270.000
new_Y2oBqMCzlIKI_50.000_60.000
new_Y39I0igiJeDU_30.000_40.000
new_Y3GcT21hdxLk_260.000_270.000
new_Y3MYe_RF-Rq8_50.000_60.000
new_Y3QFIGPvCD9Y_10.000_20.000
new_Y3Qtrq7mNpRk_30.000_40.000
new_Y3d0dg7tCqSc_250.000_260.000
new_Y3qYR12TI9Ic_180.000_190.000
new_Y3yJv3ElMC4E_160.000_170.000
new_Y41TTeZMRpzs_30.000_40.000
new_Y435H0Ai36E4_40.000_50.000
new_Y49C15x4FItg_200.000_210.000
new_Y4ITETcfpgSs_0.000_10.000
new_Y4P1kVpir3iU_120.000_130.000
new_Y4SnjARXXyTo_20.000_30.000
new_Y4f9OKlHoBsk_40.000_50.000
new_Y4kPq4Ff9HiA_90.000_100.000
new_Y4nK9l8Fv2wA_30.000_40.000
new_Y4nspa-Lpt6g_170.000_180.000
new_Y53SjXeMwmr4_0.000_10.000
new_Y56zWNCGDOcU_180.000_190.000
new_Y5GT_Wg6XQC4_30.000_40.000
new_Y5M8JlZNtw0w_20.000_30.000
new_Y5U2ZiMVHMxg_200.000_210.000
new_Y5XtIFruvd7I_40.000_50.000
new_Y5_cdDjdyILo_160.000_170.000
new_Y5oa7_VkvDiM_160.000_170.000
new_Y5p9pergm-Ko_0.000_7.000
new_Y5slzmsYMlpA_29.000_39.000
new_Y606sfRcQYA8_90.000_100.000
new_Y6I89c-rrY44_300.000_310.000
new_Y6NWpyI8ZC7o_0.000_7.000
new_Y6PurUJymSCQ_20.000_30.000
new_Y6VCV28rzgM0_590.000_600.000
new_Y6a2OyetkL0c_180.000_190.000
new_Y6agI5a-5TGY_270.000_280.000
new_Y6g3ZMgNYE6s_10.000_20.000
new_Y6kD5Ya6JUbQ_350.000_360.000
new_Y6mBfajqi1pg_560.000_570.000
new_Y6nkN-bp_D7M_90.000_100.000
new_Y6qGCOVxywo4_60.000_70.000
new_Y6wzuvIz_91g_70.000_80.000
new_Y7-BcamGuceQ_160.000_170.000
new_Y75LSDHinDBw_100.000_110.000
new_Y7JGUpM_YqTA_20.000_30.000
new_Y7W_nNAwMKfk_110.000_120.000
new_Y7c_cjaVe_h0_0.000_10.000
new_Y7tQSdALRYxI_0.000_10.000
new_Y80LZfdjdcfM_80.000_90.000
new_Y83M4YuLzP8Q_0.000_10.000
new_Y83hygpk4VKY_120.000_130.000
new_Y86eQxmsjwM4_310.000_320.000
new_Y86rBaUnvabk_40.000_50.000
new_Y8BoAvuGnzOg_160.000_170.000
new_Y8EE7q8Gn5-s_110.000_120.000
new_Y8ENkXXxH0ek_300.000_310.000
new_Y8JMFVd_3Fq0_60.000_70.000
new_Y8e6ha9wOsl0_30.000_40.000
new_Y8z6UjJACNLE_10.000_20.000
new_Y97_dBJobzaE_50.000_60.000
new_Y9FcBsEzihqI_80.000_90.000
new_Y9KhDXUt5IoM_370.000_380.000
new_Y9ige_Pfo-2Q_30.000_40.000
new_YAe8B5sRWloc_170.000_180.000
new_YAgPBflnMOss_90.000_100.000
new_YAkZ84GRil04_210.000_220.000
new_YAuCSBtuEI-k_40.000_50.000
new_YB3MAJqFGdus_190.000_200.000
new_YB6uxhGolQpo_320.000_330.000
new_YB8Xv04otTos_30.000_40.000
new_YB9heGupPnrA_210.000_220.000
new_YBq7pJ8J8iQ8_40.000_50.000
new_YC4bCoIfF0t4_50.000_60.000
new_YCCywFuWAucg_30.000_40.000
new_YCGJr6Pz-p0U_10.000_20.000
new_YCQEYmvZRDtM_40.000_50.000
new_YCRWYic9kggY_50.000_60.000
new_YCb72bJyShuM_450.000_460.000
new_YCgGDTDmu6Qk_30.000_40.000
new_YCkTAYVElyrM_220.000_230.000
new_YCpCFkvPZSyo_90.000_100.000
new_YCsHx08b_Mmo_70.000_80.000
new_YCutZRlwZcZU_30.000_40.000
new_YD2JDmgsq71s_350.000_360.000
new_YD4gbzWirkwQ_70.000_80.000
new_YD7kuwMAGHbY_40.000_50.000
new_YD9LaKlgNuhs_120.000_130.000
new_YDG89TFpzMmg_20.000_30.000
new_YDK-7X3oSVoA_90.000_100.000
new_YDL00Q-Qu8sI_420.000_430.000
new_YDNSbY2bKAyE_10.000_20.000
new_YDSFaOuqH8lA_160.000_170.000
new_YE-mM8vAFS-c_70.000_80.000
new_YEAPXZYrMD38_140.000_150.000
new_YEFtHGHtwF1A_0.000_10.000
new_YEP-K9Os-OiU_50.000_60.000
new_YEZ5m9JARwBM_30.000_40.000
new_YFDNj1d8V-9g_40.000_50.000
new_YFDcbH82VwxI_23.000_33.000
new_YFHYgU1-ayM0_30.000_40.000
new_YFOcS12s5mmI_20.000_30.000
new_YFawyLfqTsqs_230.000_240.000
new_YFk8y6-wbBUk_20.000_30.000
new_YG2ZxMFzGtws_130.000_140.000
new_YGrD9MBHKnNI_190.000_200.000
new_YHluxd7Vtzro_20.000_30.000
new_YHn1UNGYvikE_130.000_140.000
new_YHpt4oDpqQ94_30.000_40.000
new_YI2jVlVaFyD0_0.000_10.000
new_YIXcSKIcwWLE_90.000_100.000
new_YI_GAhp3M4kQ_0.000_10.000
new_YIb7cg0gudCs_170.000_180.000
new_YIl2uf1KAnt4_0.000_10.000
new_YIlVuPQ11gzM_120.000_130.000
new_YIqJ2JGeJiQw_190.000_200.000
new_YJHY4kY-D7U0_440.000_450.000
new_YJPUb0c4hUgY_490.000_500.000
new_YJTk_7jVeW64_0.000_10.000
new_YJqNqA2olQeY_60.000_70.000
new_YJrMC4UZxulw_110.000_120.000
new_YK68PjrSv1zY_0.000_10.000
new_YK8pU44rsLJY_150.000_160.000
new_YKH22JqqjVA8_30.000_40.000
new_YKOFrb2VOnqA_130.000_140.000
new_YKWfj_tzrlxM_90.000_100.000
new_YKqa-iC4cuMs_370.000_380.000
new_Y1Nw-fC0gk9o_120.000_130.000
new_Y1SpHjTw56jg_260.000_270.000
new_Y23pAYyzCnU8_520.000_530.000
new_Y257OKP3ZLD0_30.000_40.000
new_Y2O_mVjMFsuQ_340.000_350.000
new_Y57q1DKPOLYg_40.000_50.000
new_Y5ohCslwvxdw_40.000_50.000
new_Y5rmbkTrYSK0_90.000_100.000
new_Y6QExD0uUMOs_20.000_30.000
new_Y6Y92C4qnFPk_130.000_140.000
new_Y6ZEtbX95qYo_190.000_200.000
new_Y6zcz_gJkbmQ_120.000_130.000
new_Y8XVCewPZYz4_420.000_430.000
new_Y8o-Y4QP8LWs_280.000_290.000
new_Y8vuTgV73O2o_390.000_400.000
new_YAY7QlDwEAH8_0.000_6.000
new_YBc2wI4c2wBI_180.000_190.000
new_YC7D1GjuDQVA_120.000_130.000
new_YCJqlLZZano4_290.000_300.000
new_YCfij00R-8Zs_280.000_290.000
new_YDBYzZp1jOro_200.000_210.000
new_YDdiZEqm1g9c_20.000_30.000
new_YE1CXRMewTCk_200.000_210.000
new_YEOEVEf6q_Ms_150.000_160.000
new_YF9f9caaxmm0_370.000_380.000
new_YG25fk1hnP30_260.000_270.000
new_YGBPwN9NOMVo_280.000_290.000
new_YGIS6MmZwP5g_30.000_40.000
new_YGRpuXhXjAmk_290.000_300.000
new_YGUk84jnXRBQ_200.000_210.000
new_YGr1Ktuy5zq8_150.000_160.000
new_YHQ40IvZOFUo_210.000_220.000
new_YHzcT5VgB9uw_60.000_70.000
new_YIMrI0TfCnVw_420.000_430.000
new_YIN8pk34_S_k_0.000_10.000
new_YIdGB-Q2p-eM_30.000_40.000
new_YJ6Dkx5KSfPs_520.000_530.000
new_YJ9TypJdxLcI_90.000_100.000
new_YJQphdZQRTs4_40.000_50.000
new_YJT4g4usFWiI_50.000_60.000
new_YJZ9Tpv6h1pA_50.000_60.000
new_YJiur7qz3NU8_50.000_60.000
new_YJyzNt1JKAiw_530.000_540.000
new_YJz9r4H9kaTI_170.000_180.000
new_Y1oc7Z8x1WBk_570.000_580.000
new_YAi8bBqbdB0g_210.000_220.000
new_YAq9QPtfMuO4_110.000_120.000
new_YCOL58C_D8Fc_130.000_140.000
new_YV4_KDsLM374_190.000_200.000
new_YVkjF5L9rE1g_180.000_190.000
new_YdLidU5Z0sFk_260.000_270.000
new_YdagkkN0WlTQ_120.000_130.000
new_YeqfEs_qSGHY_300.000_310.000
new_YfR5heE6goDA_10.000_20.000
new_YfrHnRirNcZ0_90.000_100.000
new_Yhl-NvOd71qU_30.000_40.000
new_Yhsia3i4zens_140.000_150.000
new_Yhy__agulHvg_200.000_210.000
new_YkzRJqZrjUX4_380.000_390.000
new_YlDDJMPAevBg_270.000_280.000
new_YmRDg0StdLrE_190.000_200.000
new_Yo0SriWFnPZc_0.000_10.000
new_Yobc8GSP43ww_120.000_130.000
new_Yp53Z0kRu3wA_320.000_330.000
new_YpSWPHSz6jHE_30.000_40.000
new_Yqa9pb77jMQg_120.000_130.000
new_YsRlBSp0r0dg_150.000_160.000
new_Yv2YA8-WMI-w_10.000_20.000
new_YwQN8fexVPSI_223.000_233.000
new_YwqQU8VXGyS0_390.000_400.000
new_YxvgPSItdFXw_270.000_280.000
new_YyDw1Swpj_-w_100.000_110.000
new_YyTXesz-KMhg_360.000_370.000
new_YzHlwnVWBQaQ_260.000_270.000
new_YzJZWoYzSrIM_140.000_150.000
new_YBUzoqv1iSgI_240.000_250.000
new_Yh-lpXjQeZII_120.000_130.000
new_Y02MGx1Vh9c0_240.000_250.000
new_Y4pA2MFiec8k_530.000_540.000
new_Y9PZiMMd5hwg_450.000_460.000
new_YG-YrqazRGTo_90.000_100.000
new_YH7HYiXScU7k_540.000_550.000
new_YPjRYAwDxo6I_80.000_90.000
new_YUKoIkTJGZLg_0.000_10.000
new_YURyhcd-H3lY_180.000_190.000
new_YUW0vfC5UjQg_140.000_150.000
new_YiDBWBvuYOQk_30.000_40.000
new_Yqc61mzzSIxM_30.000_40.000
new_YyfSco9z1fpw_190.000_200.000
new_YyixVwsu3pvc_40.000_50.000
